<?xml version="1.0" encoding="UTF-8"?>
<!-- Generated by org.testng.reporters.JUnitReportReporter -->
<testsuite hostname="DESKTOP-N0KKL74" failures="0" tests="2" name="com.crm.comcast.contact.ContactTest" time="0.003" errors="0" timestamp="2022-02-01T15:25:32 IST" skipped="0">
  <testcase classname="com.crm.comcast.contact.ContactTest" name="createContact" time="0.003"/>
  <system-out/>
  <testcase classname="com.crm.comcast.contact.ContactTest" name="modifyContact" time="0.000"/>
  <system-out/>
</testsuite> <!-- com.crm.comcast.contact.ContactTest -->
