<?xml version="1.0" encoding="UTF-8"?>
<!-- Generated by org.testng.reporters.JUnitReportReporter -->
<testsuite hostname="DESKTOP-N0KKL74" failures="0" tests="2" name="com.crm.comcast.orgTest.OrganizationTest" time="0.000" errors="0" timestamp="2022-02-01T15:25:32 IST" skipped="0">
  <testcase classname="com.crm.comcast.orgTest.OrganizationTest" name="createOrg" time="0.000"/>
  <system-out/>
  <testcase classname="com.crm.comcast.orgTest.OrganizationTest" name="modifyOrg" time="0.000"/>
  <system-out/>
</testsuite> <!-- com.crm.comcast.orgTest.OrganizationTest -->
